<?xml version="1.0" encoding="UTF-8"?>
<coverage generated="1648055357927" clover="3.2.0">
  <project timestamp="1648055357927" name="All files">
    <metrics statements="95" coveredstatements="85" conditionals="29" coveredconditionals="19" methods="26" coveredmethods="22" elements="150" coveredelements="126" complexity="0" loc="95" ncloc="95" packages="3" files="6" classes="6"/>
    <package name="config">
      <metrics statements="4" coveredstatements="4" conditionals="0" coveredconditionals="0" methods="0" coveredmethods="0"/>
      <file name="db.ts" path="C:\Users\User\Documents\exam\employee_test\todos-expressjs-server\src\config\db.ts">
        <metrics statements="4" coveredstatements="4" conditionals="0" coveredconditionals="0" methods="0" coveredmethods="0"/>
        <line num="2" count="2" type="stmt"/>
        <line num="3" count="2" type="stmt"/>
        <line num="4" count="2" type="stmt"/>
        <line num="6" count="2" type="stmt"/>
      </file>
    </package>
    <package name="modules.todos">
      <metrics statements="72" coveredstatements="65" conditionals="27" coveredconditionals="19" methods="19" coveredmethods="18"/>
      <file name="controllers.ts" path="C:\Users\User\Documents\exam\employee_test\todos-expressjs-server\src\modules\todos\controllers.ts">
        <metrics statements="25" coveredstatements="23" conditionals="4" coveredconditionals="2" methods="6" coveredmethods="6"/>
        <line num="2" count="1" type="stmt"/>
        <line num="3" count="1" type="stmt"/>
        <line num="4" count="1" type="stmt"/>
        <line num="5" count="1" type="stmt"/>
        <line num="6" count="1" type="stmt"/>
        <line num="7" count="1" type="stmt"/>
        <line num="9" count="1" type="stmt"/>
        <line num="11" count="1" type="stmt"/>
        <line num="12" count="3" type="stmt"/>
        <line num="13" count="3" type="cond" truecount="1" falsecount="1"/>
        <line num="14" count="0" type="stmt"/>
        <line num="16" count="3" type="stmt"/>
        <line num="19" count="1" type="stmt"/>
        <line num="20" count="2" type="stmt"/>
        <line num="23" count="1" type="stmt"/>
        <line num="24" count="1" type="stmt"/>
        <line num="25" count="1" type="cond" truecount="1" falsecount="1"/>
        <line num="26" count="0" type="stmt"/>
        <line num="28" count="1" type="stmt"/>
        <line num="31" count="1" type="stmt"/>
        <line num="32" count="1" type="stmt"/>
        <line num="33" count="1" type="stmt"/>
        <line num="35" count="1" type="stmt"/>
        <line num="37" count="1" type="stmt"/>
        <line num="38" count="1" type="stmt"/>
      </file>
      <file name="dal.ts" path="C:\Users\User\Documents\exam\employee_test\todos-expressjs-server\src\modules\todos\dal.ts">
        <metrics statements="36" coveredstatements="31" conditionals="16" coveredconditionals="11" methods="10" coveredmethods="9"/>
        <line num="2" count="2" type="cond" truecount="3" falsecount="0"/>
        <line num="3" count="2" type="cond" truecount="1" falsecount="1"/>
        <line num="4" count="0" type="stmt"/>
        <line num="5" count="0" type="stmt"/>
        <line num="6" count="0" type="cond" truecount="0" falsecount="2"/>
        <line num="7" count="0" type="stmt"/>
        <line num="9" count="0" type="stmt"/>
        <line num="11" count="2" type="stmt"/>
        <line num="13" count="2" type="cond" truecount="3" falsecount="0"/>
        <line num="14" count="2" type="cond" truecount="3" falsecount="1"/>
        <line num="16" count="2" type="stmt"/>
        <line num="17" count="2" type="stmt"/>
        <line num="18" count="2" type="stmt"/>
        <line num="19" count="2" type="stmt"/>
        <line num="20" count="2" type="stmt"/>
        <line num="21" count="2" type="stmt"/>
        <line num="23" count="2" type="stmt"/>
        <line num="25" count="2" type="stmt"/>
        <line num="26" count="7" type="stmt"/>
        <line num="27" count="7" type="stmt"/>
        <line num="28" count="7" type="stmt"/>
        <line num="30" count="2" type="stmt"/>
        <line num="31" count="2" type="stmt"/>
        <line num="32" count="2" type="stmt"/>
        <line num="33" count="2" type="cond" truecount="1" falsecount="1"/>
        <line num="34" count="2" type="stmt"/>
        <line num="35" count="2" type="stmt"/>
        <line num="37" count="2" type="stmt"/>
        <line num="38" count="3" type="stmt"/>
        <line num="40" count="2" type="stmt"/>
        <line num="41" count="3" type="stmt"/>
        <line num="43" count="2" type="stmt"/>
        <line num="44" count="2" type="stmt"/>
        <line num="46" count="2" type="stmt"/>
        <line num="48" count="2" type="stmt"/>
        <line num="49" count="2" type="stmt"/>
      </file>
      <file name="validator.ts" path="C:\Users\User\Documents\exam\employee_test\todos-expressjs-server\src\modules\todos\validator.ts">
        <metrics statements="11" coveredstatements="11" conditionals="7" coveredconditionals="6" methods="3" coveredmethods="3"/>
        <line num="2" count="1" type="cond" truecount="3" falsecount="0"/>
        <line num="3" count="1" type="cond" truecount="3" falsecount="1"/>
        <line num="5" count="1" type="stmt"/>
        <line num="6" count="1" type="stmt"/>
        <line num="7" count="1" type="stmt"/>
        <line num="9" count="3" type="stmt"/>
        <line num="13" count="3" type="stmt"/>
        <line num="15" count="1" type="stmt"/>
        <line num="18" count="1" type="stmt"/>
        <line num="22" count="1" type="stmt"/>
        <line num="24" count="1" type="stmt"/>
      </file>
    </package>
    <package name="utils">
      <metrics statements="19" coveredstatements="16" conditionals="2" coveredconditionals="0" methods="7" coveredmethods="4"/>
      <file name="controller-result.model.ts" path="C:\Users\User\Documents\exam\employee_test\todos-expressjs-server\src\utils\controller-result.model.ts">
        <metrics statements="13" coveredstatements="12" conditionals="0" coveredconditionals="0" methods="5" coveredmethods="4"/>
        <line num="2" count="1" type="stmt"/>
        <line num="3" count="1" type="stmt"/>
        <line num="4" count="1" type="stmt"/>
        <line num="6" count="0" type="stmt"/>
        <line num="11" count="1" type="stmt"/>
        <line num="13" count="3" type="stmt"/>
        <line num="18" count="1" type="stmt"/>
        <line num="20" count="1" type="stmt"/>
        <line num="25" count="1" type="stmt"/>
        <line num="27" count="2" type="stmt"/>
        <line num="32" count="1" type="stmt"/>
        <line num="34" count="1" type="stmt"/>
        <line num="39" count="1" type="stmt"/>
      </file>
      <file name="error-response.model.ts" path="C:\Users\User\Documents\exam\employee_test\todos-expressjs-server\src\utils\error-response.model.ts">
        <metrics statements="6" coveredstatements="4" conditionals="2" coveredconditionals="0" methods="2" coveredmethods="0"/>
        <line num="2" count="1" type="stmt"/>
        <line num="3" count="1" type="stmt"/>
        <line num="5" count="0" type="stmt"/>
        <line num="7" count="1" type="stmt"/>
        <line num="9" count="0" type="stmt"/>
        <line num="14" count="1" type="stmt"/>
      </file>
    </package>
  </project>
</coverage>
