{"C:\\Users\\User\\Documents\\exam\\employee_test\\todos-expressjs-server\\src\\config\\db.ts": {"path":"C:\\Users\\User\\Documents\\exam\\employee_test\\todos-expressjs-server\\src\\config\\db.ts","statementMap":{"0":{"start":{"line":2,"column":0},"end":{"line":2,"column":26}},"1":{"start":{"line":3,"column":0},"end":{"line":3,"column":28}},"2":{"start":{"line":4,"column":15},"end":{"line":4,"column":32}},"3":{"start":{"line":6,"column":0},"end":{"line":27,"column":2}}},"fnMap":{},"branchMap":{},"s":{"0":2,"1":2,"2":2,"3":2},"f":{},"b":{},"inputSourceMap":null,"_coverageSchema":"1a1c01bbd47fc00a2c39e90264f33305004495a9","hash":"ac02a4691267c1030080b02005f4d6316183877f"}
,"C:\\Users\\User\\Documents\\exam\\employee_test\\todos-expressjs-server\\src\\modules\\todos\\controllers.ts": {"path":"C:\\Users\\User\\Documents\\exam\\employee_test\\todos-expressjs-server\\src\\modules\\todos\\controllers.ts","statementMap":{"0":{"start":{"line":2,"column":0},"end":{"line":2,"column":26}},"1":{"start":{"line":3,"column":0},"end":{"line":3,"column":59}},"2":{"start":{"line":4,"column":32},"end":{"line":4,"column":78}},"3":{"start":{"line":5,"column":12},"end":{"line":5,"column":28}},"4":{"start":{"line":6,"column":18},"end":{"line":6,"column":40}},"5":{"start":{"line":7,"column":37},"end":{"line":36,"column":3}},"6":{"start":{"line":9,"column":8},"end":{"line":9,"column":33}},"7":{"start":{"line":11,"column":4},"end":{"line":17,"column":6}},"8":{"start":{"line":12,"column":17},"end":{"line":12,"column":68}},"9":{"start":{"line":12,"column":78},"end":{"line":12,"column":86}},"10":{"start":{"line":12,"column":96},"end":{"line":12,"column":104}},"11":{"start":{"line":13,"column":8},"end":{"line":15,"column":9}},"12":{"start":{"line":14,"column":12},"end":{"line":14,"column":100}},"13":{"start":{"line":16,"column":8},"end":{"line":16,"column":93}},"14":{"start":{"line":19,"column":4},"end":{"line":21,"column":6}},"15":{"start":{"line":20,"column":8},"end":{"line":20,"column":91}},"16":{"start":{"line":23,"column":4},"end":{"line":29,"column":6}},"17":{"start":{"line":24,"column":17},"end":{"line":24,"column":66}},"18":{"start":{"line":24,"column":76},"end":{"line":24,"column":84}},"19":{"start":{"line":24,"column":94},"end":{"line":24,"column":102}},"20":{"start":{"line":25,"column":8},"end":{"line":27,"column":9}},"21":{"start":{"line":26,"column":12},"end":{"line":26,"column":100}},"22":{"start":{"line":28,"column":8},"end":{"line":28,"column":98}},"23":{"start":{"line":31,"column":4},"end":{"line":34,"column":6}},"24":{"start":{"line":32,"column":8},"end":{"line":32,"column":36}},"25":{"start":{"line":33,"column":8},"end":{"line":33,"column":96}},"26":{"start":{"line":35,"column":4},"end":{"line":35,"column":27}},"27":{"start":{"line":37,"column":0},"end":{"line":37,"column":42}},"28":{"start":{"line":38,"column":0},"end":{"line":38,"column":62}}},"fnMap":{"0":{"name":"(anonymous_0)","decl":{"start":{"line":7,"column":37},"end":{"line":7,"column":38}},"loc":{"start":{"line":7,"column":49},"end":{"line":36,"column":1}},"line":7},"1":{"name":"TodosController","decl":{"start":{"line":8,"column":13},"end":{"line":8,"column":28}},"loc":{"start":{"line":8,"column":39},"end":{"line":10,"column":5}},"line":8},"2":{"name":"(anonymous_2)","decl":{"start":{"line":11,"column":39},"end":{"line":11,"column":40}},"loc":{"start":{"line":11,"column":58},"end":{"line":17,"column":5}},"line":11},"3":{"name":"(anonymous_3)","decl":{"start":{"line":19,"column":39},"end":{"line":19,"column":40}},"loc":{"start":{"line":19,"column":51},"end":{"line":21,"column":5}},"line":19},"4":{"name":"(anonymous_4)","decl":{"start":{"line":23,"column":39},"end":{"line":23,"column":40}},"loc":{"start":{"line":23,"column":62},"end":{"line":29,"column":5}},"line":23},"5":{"name":"(anonymous_5)","decl":{"start":{"line":31,"column":42},"end":{"line":31,"column":43}},"loc":{"start":{"line":31,"column":56},"end":{"line":34,"column":5}},"line":31}},"branchMap":{"0":{"loc":{"start":{"line":13,"column":8},"end":{"line":15,"column":9}},"type":"if","locations":[{"start":{"line":13,"column":8},"end":{"line":15,"column":9}},{"start":{},"end":{}}],"line":13},"1":{"loc":{"start":{"line":25,"column":8},"end":{"line":27,"column":9}},"type":"if","locations":[{"start":{"line":25,"column":8},"end":{"line":27,"column":9}},{"start":{},"end":{}}],"line":25}},"s":{"0":1,"1":1,"2":1,"3":1,"4":1,"5":1,"6":1,"7":1,"8":3,"9":3,"10":3,"11":3,"12":0,"13":3,"14":1,"15":2,"16":1,"17":1,"18":1,"19":1,"20":1,"21":0,"22":1,"23":1,"24":1,"25":1,"26":1,"27":1,"28":1},"f":{"0":1,"1":1,"2":3,"3":2,"4":1,"5":1},"b":{"0":[0,3],"1":[0,1]},"inputSourceMap":null,"_coverageSchema":"1a1c01bbd47fc00a2c39e90264f33305004495a9","hash":"01e05366c6761bfc869ade2a1e2023608b017039"}
,"C:\\Users\\User\\Documents\\exam\\employee_test\\todos-expressjs-server\\src\\modules\\todos\\dal.ts": {"path":"C:\\Users\\User\\Documents\\exam\\employee_test\\todos-expressjs-server\\src\\modules\\todos\\dal.ts","statementMap":{"0":{"start":{"line":2,"column":15},"end":{"line":12,"column":1}},"1":{"start":{"line":3,"column":4},"end":{"line":10,"column":6}},"2":{"start":{"line":4,"column":8},"end":{"line":8,"column":9}},"3":{"start":{"line":4,"column":24},"end":{"line":4,"column":25}},"4":{"start":{"line":4,"column":31},"end":{"line":4,"column":47}},"5":{"start":{"line":5,"column":12},"end":{"line":5,"column":29}},"6":{"start":{"line":6,"column":12},"end":{"line":7,"column":28}},"7":{"start":{"line":6,"column":29},"end":{"line":7,"column":28}},"8":{"start":{"line":7,"column":16},"end":{"line":7,"column":28}},"9":{"start":{"line":9,"column":8},"end":{"line":9,"column":17}},"10":{"start":{"line":11,"column":4},"end":{"line":11,"column":43}},"11":{"start":{"line":13,"column":22},"end":{"line":15,"column":1}},"12":{"start":{"line":14,"column":4},"end":{"line":14,"column":62}},"13":{"start":{"line":16,"column":0},"end":{"line":16,"column":26}},"14":{"start":{"line":17,"column":0},"end":{"line":17,"column":45}},"15":{"start":{"line":18,"column":11},"end":{"line":18,"column":37}},"16":{"start":{"line":19,"column":15},"end":{"line":19,"column":32}},"17":{"start":{"line":20,"column":15},"end":{"line":20,"column":49}},"18":{"start":{"line":21,"column":30},"end":{"line":47,"column":3}},"19":{"start":{"line":23,"column":8},"end":{"line":23,"column":37}},"20":{"start":{"line":25,"column":4},"end":{"line":29,"column":6}},"21":{"start":{"line":26,"column":22},"end":{"line":26,"column":70}},"22":{"start":{"line":27,"column":8},"end":{"line":27,"column":38}},"23":{"start":{"line":28,"column":8},"end":{"line":28,"column":23}},"24":{"start":{"line":30,"column":4},"end":{"line":36,"column":6}},"25":{"start":{"line":31,"column":25},"end":{"line":31,"column":55}},"26":{"start":{"line":32,"column":24},"end":{"line":32,"column":83}},"27":{"start":{"line":33,"column":8},"end":{"line":34,"column":52}},"28":{"start":{"line":34,"column":12},"end":{"line":34,"column":52}},"29":{"start":{"line":35,"column":8},"end":{"line":35,"column":26}},"30":{"start":{"line":37,"column":4},"end":{"line":39,"column":6}},"31":{"start":{"line":38,"column":8},"end":{"line":38,"column":31}},"32":{"start":{"line":40,"column":4},"end":{"line":42,"column":6}},"33":{"start":{"line":41,"column":8},"end":{"line":41,"column":70}},"34":{"start":{"line":43,"column":4},"end":{"line":45,"column":6}},"35":{"start":{"line":44,"column":8},"end":{"line":44,"column":65}},"36":{"start":{"line":46,"column":4},"end":{"line":46,"column":20}},"37":{"start":{"line":48,"column":0},"end":{"line":48,"column":28}},"38":{"start":{"line":49,"column":0},"end":{"line":49,"column":49}}},"fnMap":{"0":{"name":"(anonymous_0)","decl":{"start":{"line":2,"column":42},"end":{"line":2,"column":43}},"loc":{"start":{"line":2,"column":54},"end":{"line":12,"column":1}},"line":2},"1":{"name":"(anonymous_1)","decl":{"start":{"line":3,"column":32},"end":{"line":3,"column":33}},"loc":{"start":{"line":3,"column":44},"end":{"line":10,"column":5}},"line":3},"2":{"name":"(anonymous_2)","decl":{"start":{"line":13,"column":56},"end":{"line":13,"column":57}},"loc":{"start":{"line":13,"column":71},"end":{"line":15,"column":1}},"line":13},"3":{"name":"(anonymous_3)","decl":{"start":{"line":21,"column":30},"end":{"line":21,"column":31}},"loc":{"start":{"line":21,"column":42},"end":{"line":47,"column":1}},"line":21},"4":{"name":"TodosDal","decl":{"start":{"line":22,"column":13},"end":{"line":22,"column":21}},"loc":{"start":{"line":22,"column":34},"end":{"line":24,"column":5}},"line":22},"5":{"name":"(anonymous_5)","decl":{"start":{"line":25,"column":32},"end":{"line":25,"column":33}},"loc":{"start":{"line":25,"column":51},"end":{"line":29,"column":5}},"line":25},"6":{"name":"(anonymous_6)","decl":{"start":{"line":30,"column":30},"end":{"line":30,"column":31}},"loc":{"start":{"line":30,"column":53},"end":{"line":36,"column":5}},"line":30},"7":{"name":"(anonymous_7)","decl":{"start":{"line":37,"column":32},"end":{"line":37,"column":33}},"loc":{"start":{"line":37,"column":44},"end":{"line":39,"column":5}},"line":37},"8":{"name":"(anonymous_8)","decl":{"start":{"line":40,"column":32},"end":{"line":40,"column":33}},"loc":{"start":{"line":40,"column":46},"end":{"line":42,"column":5}},"line":40},"9":{"name":"(anonymous_9)","decl":{"start":{"line":43,"column":35},"end":{"line":43,"column":36}},"loc":{"start":{"line":43,"column":49},"end":{"line":45,"column":5}},"line":43}},"branchMap":{"0":{"loc":{"start":{"line":2,"column":15},"end":{"line":12,"column":1}},"type":"binary-expr","locations":[{"start":{"line":2,"column":16},"end":{"line":2,"column":20}},{"start":{"line":2,"column":24},"end":{"line":2,"column":37}},{"start":{"line":2,"column":42},"end":{"line":12,"column":1}}],"line":2},"1":{"loc":{"start":{"line":3,"column":15},"end":{"line":10,"column":5}},"type":"binary-expr","locations":[{"start":{"line":3,"column":15},"end":{"line":3,"column":28}},{"start":{"line":3,"column":32},"end":{"line":10,"column":5}}],"line":3},"2":{"loc":{"start":{"line":6,"column":29},"end":{"line":7,"column":28}},"type":"if","locations":[{"start":{"line":6,"column":29},"end":{"line":7,"column":28}},{"start":{},"end":{}}],"line":6},"3":{"loc":{"start":{"line":13,"column":22},"end":{"line":15,"column":1}},"type":"binary-expr","locations":[{"start":{"line":13,"column":23},"end":{"line":13,"column":27}},{"start":{"line":13,"column":31},"end":{"line":13,"column":51}},{"start":{"line":13,"column":56},"end":{"line":15,"column":1}}],"line":13},"4":{"loc":{"start":{"line":14,"column":11},"end":{"line":14,"column":61}},"type":"cond-expr","locations":[{"start":{"line":14,"column":37},"end":{"line":14,"column":40}},{"start":{"line":14,"column":43},"end":{"line":14,"column":61}}],"line":14},"5":{"loc":{"start":{"line":14,"column":12},"end":{"line":14,"column":33}},"type":"binary-expr","locations":[{"start":{"line":14,"column":12},"end":{"line":14,"column":15}},{"start":{"line":14,"column":19},"end":{"line":14,"column":33}}],"line":14},"6":{"loc":{"start":{"line":33,"column":8},"end":{"line":34,"column":52}},"type":"if","locations":[{"start":{"line":33,"column":8},"end":{"line":34,"column":52}},{"start":{},"end":{}}],"line":33}},"s":{"0":2,"1":2,"2":0,"3":0,"4":0,"5":0,"6":0,"7":0,"8":0,"9":0,"10":2,"11":2,"12":2,"13":2,"14":2,"15":2,"16":2,"17":2,"18":2,"19":2,"20":2,"21":7,"22":7,"23":7,"24":2,"25":2,"26":2,"27":2,"28":2,"29":2,"30":2,"31":3,"32":2,"33":3,"34":2,"35":2,"36":2,"37":2,"38":2},"f":{"0":2,"1":0,"2":2,"3":2,"4":2,"5":7,"6":2,"7":3,"8":3,"9":2},"b":{"0":[2,2,2],"1":[2,0],"2":[0,0],"3":[2,2,2],"4":[0,2],"5":[2,2],"6":[2,0]},"inputSourceMap":null,"_coverageSchema":"1a1c01bbd47fc00a2c39e90264f33305004495a9","hash":"e5046d8ac8dea68f85d05e91532b6f71bc7672e1"}
,"C:\\Users\\User\\Documents\\exam\\employee_test\\todos-expressjs-server\\src\\modules\\todos\\validator.ts": {"path":"C:\\Users\\User\\Documents\\exam\\employee_test\\todos-expressjs-server\\src\\modules\\todos\\validator.ts","statementMap":{"0":{"start":{"line":2,"column":22},"end":{"line":4,"column":1}},"1":{"start":{"line":3,"column":4},"end":{"line":3,"column":62}},"2":{"start":{"line":5,"column":0},"end":{"line":5,"column":26}},"3":{"start":{"line":6,"column":0},"end":{"line":6,"column":77}},"4":{"start":{"line":7,"column":12},"end":{"line":7,"column":43}},"5":{"start":{"line":9,"column":17},"end":{"line":12,"column":6}},"6":{"start":{"line":13,"column":4},"end":{"line":13,"column":36}},"7":{"start":{"line":15,"column":0},"end":{"line":15,"column":62}},"8":{"start":{"line":18,"column":17},"end":{"line":21,"column":6}},"9":{"start":{"line":22,"column":4},"end":{"line":22,"column":36}},"10":{"start":{"line":24,"column":0},"end":{"line":24,"column":58}}},"fnMap":{"0":{"name":"(anonymous_0)","decl":{"start":{"line":2,"column":56},"end":{"line":2,"column":57}},"loc":{"start":{"line":2,"column":71},"end":{"line":4,"column":1}},"line":2},"1":{"name":"validateTodoCreatePayload","decl":{"start":{"line":8,"column":9},"end":{"line":8,"column":34}},"loc":{"start":{"line":8,"column":44},"end":{"line":14,"column":1}},"line":8},"2":{"name":"validateTodoEditPayload","decl":{"start":{"line":17,"column":9},"end":{"line":17,"column":32}},"loc":{"start":{"line":17,"column":42},"end":{"line":23,"column":1}},"line":17}},"branchMap":{"0":{"loc":{"start":{"line":2,"column":22},"end":{"line":4,"column":1}},"type":"binary-expr","locations":[{"start":{"line":2,"column":23},"end":{"line":2,"column":27}},{"start":{"line":2,"column":31},"end":{"line":2,"column":51}},{"start":{"line":2,"column":56},"end":{"line":4,"column":1}}],"line":2},"1":{"loc":{"start":{"line":3,"column":11},"end":{"line":3,"column":61}},"type":"cond-expr","locations":[{"start":{"line":3,"column":37},"end":{"line":3,"column":40}},{"start":{"line":3,"column":43},"end":{"line":3,"column":61}}],"line":3},"2":{"loc":{"start":{"line":3,"column":12},"end":{"line":3,"column":33}},"type":"binary-expr","locations":[{"start":{"line":3,"column":12},"end":{"line":3,"column":15}},{"start":{"line":3,"column":19},"end":{"line":3,"column":33}}],"line":3}},"s":{"0":1,"1":1,"2":1,"3":1,"4":1,"5":3,"6":3,"7":1,"8":1,"9":1,"10":1},"f":{"0":1,"1":3,"2":1},"b":{"0":[1,1,1],"1":[0,1],"2":[1,1]},"inputSourceMap":null,"_coverageSchema":"1a1c01bbd47fc00a2c39e90264f33305004495a9","hash":"5b222cedeae263962120f791a5c7f41ef7f2cb4f"}
,"C:\\Users\\User\\Documents\\exam\\employee_test\\todos-expressjs-server\\src\\utils\\controller-result.model.ts": {"path":"C:\\Users\\User\\Documents\\exam\\employee_test\\todos-expressjs-server\\src\\utils\\controller-result.model.ts","statementMap":{"0":{"start":{"line":2,"column":0},"end":{"line":2,"column":26}},"1":{"start":{"line":3,"column":0},"end":{"line":3,"column":157}},"2":{"start":{"line":4,"column":29},"end":{"line":4,"column":62}},"3":{"start":{"line":6,"column":4},"end":{"line":9,"column":6}},"4":{"start":{"line":11,"column":0},"end":{"line":11,"column":48}},"5":{"start":{"line":13,"column":4},"end":{"line":16,"column":6}},"6":{"start":{"line":18,"column":0},"end":{"line":18,"column":46}},"7":{"start":{"line":20,"column":4},"end":{"line":23,"column":6}},"8":{"start":{"line":25,"column":0},"end":{"line":25,"column":52}},"9":{"start":{"line":27,"column":4},"end":{"line":30,"column":6}},"10":{"start":{"line":32,"column":0},"end":{"line":32,"column":52}},"11":{"start":{"line":34,"column":4},"end":{"line":37,"column":6}},"12":{"start":{"line":39,"column":0},"end":{"line":39,"column":52}}},"fnMap":{"0":{"name":"newControllerError","decl":{"start":{"line":5,"column":9},"end":{"line":5,"column":27}},"loc":{"start":{"line":5,"column":54},"end":{"line":10,"column":1}},"line":5},"1":{"name":"newControllerData","decl":{"start":{"line":12,"column":9},"end":{"line":12,"column":26}},"loc":{"start":{"line":12,"column":33},"end":{"line":17,"column":1}},"line":12},"2":{"name":"updateControllerData","decl":{"start":{"line":19,"column":9},"end":{"line":19,"column":29}},"loc":{"start":{"line":19,"column":36},"end":{"line":24,"column":1}},"line":19},"3":{"name":"getAllControllerData","decl":{"start":{"line":26,"column":9},"end":{"line":26,"column":29}},"loc":{"start":{"line":26,"column":36},"end":{"line":31,"column":1}},"line":26},"4":{"name":"deleteControllerData","decl":{"start":{"line":33,"column":9},"end":{"line":33,"column":29}},"loc":{"start":{"line":33,"column":36},"end":{"line":38,"column":1}},"line":33}},"branchMap":{},"s":{"0":1,"1":1,"2":1,"3":0,"4":1,"5":3,"6":1,"7":1,"8":1,"9":2,"10":1,"11":1,"12":1},"f":{"0":0,"1":3,"2":1,"3":2,"4":1},"b":{},"inputSourceMap":null,"_coverageSchema":"1a1c01bbd47fc00a2c39e90264f33305004495a9","hash":"f8f2e376afadc32b88625ba9e8631f48873503fe"}
,"C:\\Users\\User\\Documents\\exam\\employee_test\\todos-expressjs-server\\src\\utils\\error-response.model.ts": {"path":"C:\\Users\\User\\Documents\\exam\\employee_test\\todos-expressjs-server\\src\\utils\\error-response.model.ts","statementMap":{"0":{"start":{"line":2,"column":0},"end":{"line":2,"column":26}},"1":{"start":{"line":3,"column":0},"end":{"line":3,"column":61}},"2":{"start":{"line":5,"column":4},"end":{"line":5,"column":36}},"3":{"start":{"line":7,"column":0},"end":{"line":7,"column":60}},"4":{"start":{"line":9,"column":4},"end":{"line":12,"column":6}},"5":{"start":{"line":14,"column":0},"end":{"line":14,"column":28}}},"fnMap":{"0":{"name":"instanceOfIErrorResponse","decl":{"start":{"line":4,"column":9},"end":{"line":4,"column":33}},"loc":{"start":{"line":4,"column":42},"end":{"line":6,"column":1}},"line":4},"1":{"name":"newError","decl":{"start":{"line":8,"column":9},"end":{"line":8,"column":17}},"loc":{"start":{"line":8,"column":44},"end":{"line":13,"column":1}},"line":8}},"branchMap":{"0":{"loc":{"start":{"line":10,"column":20},"end":{"line":10,"column":37}},"type":"binary-expr","locations":[{"start":{"line":10,"column":20},"end":{"line":10,"column":30}},{"start":{"line":10,"column":34},"end":{"line":10,"column":37}}],"line":10}},"s":{"0":1,"1":1,"2":0,"3":1,"4":0,"5":1},"f":{"0":0,"1":0},"b":{"0":[0,0]},"inputSourceMap":null,"_coverageSchema":"1a1c01bbd47fc00a2c39e90264f33305004495a9","hash":"6b4c1e1debee2f878ffb64128dfffeab5de84437"}
}
