TN:
SF:src\config\db.ts
FNF:0
FNH:0
DA:2,2
DA:3,2
DA:4,2
DA:6,2
LF:4
LH:4
BRF:0
BRH:0
end_of_record
TN:
SF:src\modules\todos\controllers.ts
FN:7,(anonymous_0)
FN:8,TodosController
FN:11,(anonymous_2)
FN:19,(anonymous_3)
FN:23,(anonymous_4)
FN:31,(anonymous_5)
FNF:6
FNH:6
FNDA:1,(anonymous_0)
FNDA:1,TodosController
FNDA:3,(anonymous_2)
FNDA:2,(anonymous_3)
FNDA:1,(anonymous_4)
FNDA:1,(anonymous_5)
DA:2,1
DA:3,1
DA:4,1
DA:5,1
DA:6,1
DA:7,1
DA:9,1
DA:11,1
DA:12,3
DA:13,3
DA:14,0
DA:16,3
DA:19,1
DA:20,2
DA:23,1
DA:24,1
DA:25,1
DA:26,0
DA:28,1
DA:31,1
DA:32,1
DA:33,1
DA:35,1
DA:37,1
DA:38,1
LF:25
LH:23
BRDA:13,0,0,0
BRDA:13,0,1,3
BRDA:25,1,0,0
BRDA:25,1,1,1
BRF:4
BRH:2
end_of_record
TN:
SF:src\modules\todos\dal.ts
FN:2,(anonymous_0)
FN:3,(anonymous_1)
FN:13,(anonymous_2)
FN:21,(anonymous_3)
FN:22,TodosDal
FN:25,(anonymous_5)
FN:30,(anonymous_6)
FN:37,(anonymous_7)
FN:40,(anonymous_8)
FN:43,(anonymous_9)
FNF:10
FNH:9
FNDA:2,(anonymous_0)
FNDA:0,(anonymous_1)
FNDA:2,(anonymous_2)
FNDA:2,(anonymous_3)
FNDA:2,TodosDal
FNDA:7,(anonymous_5)
FNDA:2,(anonymous_6)
FNDA:3,(anonymous_7)
FNDA:3,(anonymous_8)
FNDA:2,(anonymous_9)
DA:2,2
DA:3,2
DA:4,0
DA:5,0
DA:6,0
DA:7,0
DA:9,0
DA:11,2
DA:13,2
DA:14,2
DA:16,2
DA:17,2
DA:18,2
DA:19,2
DA:20,2
DA:21,2
DA:23,2
DA:25,2
DA:26,7
DA:27,7
DA:28,7
DA:30,2
DA:31,2
DA:32,2
DA:33,2
DA:34,2
DA:35,2
DA:37,2
DA:38,3
DA:40,2
DA:41,3
DA:43,2
DA:44,2
DA:46,2
DA:48,2
DA:49,2
LF:36
LH:31
BRDA:2,0,0,2
BRDA:2,0,1,2
BRDA:2,0,2,2
BRDA:3,1,0,2
BRDA:3,1,1,0
BRDA:6,2,0,0
BRDA:6,2,1,0
BRDA:13,3,0,2
BRDA:13,3,1,2
BRDA:13,3,2,2
BRDA:14,4,0,0
BRDA:14,4,1,2
BRDA:14,5,0,2
BRDA:14,5,1,2
BRDA:33,6,0,2
BRDA:33,6,1,0
BRF:16
BRH:11
end_of_record
TN:
SF:src\modules\todos\validator.ts
FN:2,(anonymous_0)
FN:8,validateTodoCreatePayload
FN:17,validateTodoEditPayload
FNF:3
FNH:3
FNDA:1,(anonymous_0)
FNDA:3,validateTodoCreatePayload
FNDA:1,validateTodoEditPayload
DA:2,1
DA:3,1
DA:5,1
DA:6,1
DA:7,1
DA:9,3
DA:13,3
DA:15,1
DA:18,1
DA:22,1
DA:24,1
LF:11
LH:11
BRDA:2,0,0,1
BRDA:2,0,1,1
BRDA:2,0,2,1
BRDA:3,1,0,0
BRDA:3,1,1,1
BRDA:3,2,0,1
BRDA:3,2,1,1
BRF:7
BRH:6
end_of_record
TN:
SF:src\utils\controller-result.model.ts
FN:5,newControllerError
FN:12,newControllerData
FN:19,updateControllerData
FN:26,getAllControllerData
FN:33,deleteControllerData
FNF:5
FNH:4
FNDA:0,newControllerError
FNDA:3,newControllerData
FNDA:1,updateControllerData
FNDA:2,getAllControllerData
FNDA:1,deleteControllerData
DA:2,1
DA:3,1
DA:4,1
DA:6,0
DA:11,1
DA:13,3
DA:18,1
DA:20,1
DA:25,1
DA:27,2
DA:32,1
DA:34,1
DA:39,1
LF:13
LH:12
BRF:0
BRH:0
end_of_record
TN:
SF:src\utils\error-response.model.ts
FN:4,instanceOfIErrorResponse
FN:8,newError
FNF:2
FNH:0
FNDA:0,instanceOfIErrorResponse
FNDA:0,newError
DA:2,1
DA:3,1
DA:5,0
DA:7,1
DA:9,0
DA:14,1
LF:6
LH:4
BRDA:10,0,0,0
BRDA:10,0,1,0
BRF:2
BRH:0
end_of_record
